<?xml version="1.0" encoding="UTF-8"?>
<robot generator="Robot 6.1.1 (Python 3.10.7 on darwin)" generated="20231114 14:01:53.613" rpa="false" schemaversion="4">
<suite id="s1" name="Tests" source="/Users/adarautiainen/Documents/palautusrepositorio/viikko3/login-robot/src/tests">
<suite id="s1-s1" name="Login" source="/Users/adarautiainen/Documents/palautusrepositorio/viikko3/login-robot/src/tests/login.robot">
<test id="s1-s1-t1" name="Login With Correct Credentials" line="6">
<kw name="Create User And Input Login Command" type="SETUP">
<kw name="Create User" library="AppLibrary">
<arg>kalle</arg>
<arg>kalle123</arg>
<status status="PASS" starttime="20231114 14:01:53.624" endtime="20231114 14:01:53.624"/>
</kw>
<kw name="Input Login Command" library="resource">
<kw name="Input" library="AppLibrary">
<arg>login</arg>
<status status="PASS" starttime="20231114 14:01:53.624" endtime="20231114 14:01:53.624"/>
</kw>
<status status="PASS" starttime="20231114 14:01:53.624" endtime="20231114 14:01:53.624"/>
</kw>
<status status="PASS" starttime="20231114 14:01:53.624" endtime="20231114 14:01:53.624"/>
</kw>
<kw name="Input Credentials" library="resource">
<arg>kalle</arg>
<arg>kalle123</arg>
<kw name="Input" library="AppLibrary">
<arg>${username}</arg>
<status status="PASS" starttime="20231114 14:01:53.625" endtime="20231114 14:01:53.625"/>
</kw>
<kw name="Input" library="AppLibrary">
<arg>${password}</arg>
<status status="PASS" starttime="20231114 14:01:53.625" endtime="20231114 14:01:53.625"/>
</kw>
<kw name="Run Application" library="AppLibrary">
<status status="PASS" starttime="20231114 14:01:53.625" endtime="20231114 14:01:53.625"/>
</kw>
<status status="PASS" starttime="20231114 14:01:53.624" endtime="20231114 14:01:53.625"/>
</kw>
<kw name="Output Should Contain" library="AppLibrary">
<arg>Logged in</arg>
<status status="PASS" starttime="20231114 14:01:53.625" endtime="20231114 14:01:53.625"/>
</kw>
<status status="PASS" starttime="20231114 14:01:53.624" endtime="20231114 14:01:53.625"/>
</test>
<test id="s1-s1-t2" name="Login With Incorrect Password" line="10">
<kw name="Create User And Input Login Command" type="SETUP">
<kw name="Create User" library="AppLibrary">
<arg>kalle</arg>
<arg>kalle123</arg>
<status status="PASS" starttime="20231114 14:01:53.625" endtime="20231114 14:01:53.625"/>
</kw>
<kw name="Input Login Command" library="resource">
<kw name="Input" library="AppLibrary">
<arg>login</arg>
<status status="PASS" starttime="20231114 14:01:53.625" endtime="20231114 14:01:53.625"/>
</kw>
<status status="PASS" starttime="20231114 14:01:53.625" endtime="20231114 14:01:53.625"/>
</kw>
<status status="PASS" starttime="20231114 14:01:53.625" endtime="20231114 14:01:53.626"/>
</kw>
<kw name="Input Credentials" library="resource">
<arg>kalle</arg>
<arg>kalle124</arg>
<kw name="Input" library="AppLibrary">
<arg>${username}</arg>
<status status="PASS" starttime="20231114 14:01:53.626" endtime="20231114 14:01:53.626"/>
</kw>
<kw name="Input" library="AppLibrary">
<arg>${password}</arg>
<status status="PASS" starttime="20231114 14:01:53.626" endtime="20231114 14:01:53.626"/>
</kw>
<kw name="Run Application" library="AppLibrary">
<status status="PASS" starttime="20231114 14:01:53.626" endtime="20231114 14:01:53.626"/>
</kw>
<status status="PASS" starttime="20231114 14:01:53.626" endtime="20231114 14:01:53.626"/>
</kw>
<kw name="Output Should Contain" library="AppLibrary">
<arg>Invalid username or password</arg>
<status status="PASS" starttime="20231114 14:01:53.626" endtime="20231114 14:01:53.626"/>
</kw>
<status status="PASS" starttime="20231114 14:01:53.625" endtime="20231114 14:01:53.626"/>
</test>
<test id="s1-s1-t3" name="Login With Nonexistent Username" line="14">
<kw name="Create User And Input Login Command" type="SETUP">
<kw name="Create User" library="AppLibrary">
<arg>kalle</arg>
<arg>kalle123</arg>
<status status="PASS" starttime="20231114 14:01:53.626" endtime="20231114 14:01:53.626"/>
</kw>
<kw name="Input Login Command" library="resource">
<kw name="Input" library="AppLibrary">
<arg>login</arg>
<status status="PASS" starttime="20231114 14:01:53.627" endtime="20231114 14:01:53.627"/>
</kw>
<status status="PASS" starttime="20231114 14:01:53.627" endtime="20231114 14:01:53.627"/>
</kw>
<status status="PASS" starttime="20231114 14:01:53.626" endtime="20231114 14:01:53.627"/>
</kw>
<kw name="Input Credentials" library="resource">
<arg>kalle1</arg>
<arg>kalle123</arg>
<kw name="Input" library="AppLibrary">
<arg>${username}</arg>
<status status="PASS" starttime="20231114 14:01:53.627" endtime="20231114 14:01:53.627"/>
</kw>
<kw name="Input" library="AppLibrary">
<arg>${password}</arg>
<status status="PASS" starttime="20231114 14:01:53.627" endtime="20231114 14:01:53.627"/>
</kw>
<kw name="Run Application" library="AppLibrary">
<status status="PASS" starttime="20231114 14:01:53.627" endtime="20231114 14:01:53.627"/>
</kw>
<status status="PASS" starttime="20231114 14:01:53.627" endtime="20231114 14:01:53.627"/>
</kw>
<kw name="Output Should Contain" library="AppLibrary">
<arg>Invalid username or password</arg>
<status status="PASS" starttime="20231114 14:01:53.627" endtime="20231114 14:01:53.627"/>
</kw>
<status status="PASS" starttime="20231114 14:01:53.626" endtime="20231114 14:01:53.627"/>
</test>
<status status="PASS" starttime="20231114 14:01:53.621" endtime="20231114 14:01:53.627"/>
</suite>
<status status="PASS" starttime="20231114 14:01:53.614" endtime="20231114 14:01:53.628"/>
</suite>
<statistics>
<total>
<stat pass="3" fail="0" skip="0">All Tests</stat>
</total>
<tag>
</tag>
<suite>
<stat pass="3" fail="0" skip="0" id="s1" name="Tests">Tests</stat>
<stat pass="3" fail="0" skip="0" id="s1-s1" name="Login">Tests.Login</stat>
</suite>
</statistics>
<errors>
</errors>
</robot>
